{"content": {"suites": {"0": {"status": {"total_pass": 0, "total_skip": 0, "total_xpass": 0, "total_xfail": 0, "total_rerun": 0, "total_fail": 2, "total_error": 0}, "tests": {"0": {"status": "FAIL", "message": "   AttributeError: 'NoneType' object has no attribute 'is_displayed'\n   selenium.common.exceptions.NoSuchWindowException: Message: no such window: target window already closed\n   from unknown error: web view not found\n     (Session info: chrome=122.0.6261.129)\n   Stacktrace:\n   \tGetHandleVerifier [0x00007FF7A7144C82+3505170]\n   \t(No symbol) [0x00007FF7A6D70852]\n   \t(No symbol) [0x00007FF7A6C24145]\n   \t(No symbol) [0x00007FF7A6C01D4C]\n   \t(No symbol) [0x00007FF7A6C925F7]\n   \t(No symbol) [0x00007FF7A6C98B42]\n   \t(No symbol) [0x00007FF7A6C8BE50]\n   \t(No symbol) [0x00007FF7A6C5D618]\n   \t(No symbol) [0x00007FF7A6C5E6B1]\n   \tGetHandleVerifier [0x00007FF7A71767DD+3708781]\n   \tGetHandleVerifier [0x00007FF7A71CFC5D+4074477]\n   \tGetHandleVerifier [0x00007FF7A71C7DDF+4042095]\n   \tGetHandleVerifier [0x00007FF7A6E9A136+708806]\n   \t(No symbol) [0x00007FF7A6D7CB0F]\n   \t(No symbol) [0x00007FF7A6D77D14]\n   \t(No symbol) [0x00007FF7A6D77E6C]\n   \t(No symbol) [0x00007FF7A6D679A4]\n   \tBaseThreadInitThunk [0x00007FFA4CC1257D+29]\n   \tRtlUserThreadStart [0x00007FFA4DCCAA58+40]\n", "test_name": "test_Logo", "rerun": "0"}, "1": {"status": "FAIL", "message": "   selenium.common.exceptions.NoSuchWindowException: Message: no such window: target window already closed\n   from unknown error: web view not found\n     (Session info: chrome=122.0.6261.129)\n   Stacktrace:\n   \tGetHandleVerifier [0x00007FF7A7144C82+3505170]\n   \t(No symbol) [0x00007FF7A6D70852]\n   \t(No symbol) [0x00007FF7A6C24145]\n   \t(No symbol) [0x00007FF7A6C01D4C]\n   \t(No symbol) [0x00007FF7A6C925F7]\n   \t(No symbol) [0x00007FF7A6CA7A61]\n   \t(No symbol) [0x00007FF7A6C8BC33]\n   \t(No symbol) [0x00007FF7A6C5D618]\n   \t(No symbol) [0x00007FF7A6C5E6B1]\n   \tGetHandleVerifier [0x00007FF7A71767DD+3708781]\n   \tGetHandleVerifier [0x00007FF7A71CFC5D+4074477]\n   \tGetHandleVerifier [0x00007FF7A71C7DDF+4042095]\n   \tGetHandleVerifier [0x00007FF7A6E9A136+708806]\n   \t(No symbol) [0x00007FF7A6D7CB0F]\n   \t(No symbol) [0x00007FF7A6D77D14]\n   \t(No symbol) [0x00007FF7A6D77E6C]\n   \t(No symbol) [0x00007FF7A6D679A4]\n   \tBaseThreadInitThunk [0x00007FFA4CC1257D+29]\n   \tRtlUserThreadStart [0x00007FFA4DCCAA58+40]\n", "test_name": "test_Login", "rerun": "0"}}, "suite_name": "Day_28/test_CmndLine2.py"}}}, "date": "March 19, 2024", "start_time": 1710845982.0828223, "total_suite": 1, "status": "FAIL", "status_list": {"pass": "0", "fail": "2", "skip": "0", "error": "0", "xpass": "0", "xfail": "0", "rerun": "0"}, "total_tests": "2"}