{"content": {"suites": {"0": {"status": {"total_pass": 0, "total_skip": 0, "total_xpass": 0, "total_xfail": 0, "total_rerun": 0, "total_fail": 4, "total_error": 0}, "tests": {"0": {"status": "FAIL", "message": "       assert <selenium.webdriver.chrome.webdriver.WebDriver (session=\"1d3dd3a76663a5919a71d94bf0948e3e\")> == True\n        +  where <selenium.webdriver.chrome.webdriver.WebDriver (session=\"1d3dd3a76663a5919a71d94bf0948e3e\")> = <parameterization2.Test_Class object at 0x00000204D2390260>.driver\n   selenium.common.exceptions.InvalidSessionIdException: Message: invalid session id\n   Stacktrace:\n   \tGetHandleVerifier [0x00007FF74CDE4C82+3505170]\n   \t(No symbol) [0x00007FF74CA10852]\n   \t(No symbol) [0x00007FF74C8C3FFD]\n   \t(No symbol) [0x00007FF74C8FD209]\n   \t(No symbol) [0x00007FF74C8FE6B1]\n   \tGetHandleVerifier [0x00007FF74CE167DD+3708781]\n   \tGetHandleVerifier [0x00007FF74CE6FC5D+4074477]\n   \tGetHandleVerifier [0x00007FF74CE67DDF+4042095]\n   \tGetHandleVerifier [0x00007FF74CB3A136+708806]\n   \t(No symbol) [0x00007FF74CA1CB0F]\n   \t(No symbol) [0x00007FF74CA17D14]\n   \t(No symbol) [0x00007FF74CA17E6C]\n   \t(No symbol) [0x00007FF74CA079A4]\n   \tBaseThreadInitThunk [0x00007FFDE96A257D+29]\n   \tRtlUserThreadStart [0x00007FFDEA36AA58+40]\n", "test_name": "test_Login[Admin-admin123]", "rerun": "0"}, "1": {"status": "FAIL", "message": "   selenium.common.exceptions.NoSuchElementException: Message: no such element: Unable to locate element: {\"method\":\"xpath\",\"selector\":\"//img[@alt='client brand banner']\"}\n     (Session info: chrome=122.0.6261.129); For documentation on this error, please visit: https://www.selenium.dev/documentation/webdriver/troubleshooting/errors#no-such-element-exception\n   Stacktrace:\n   \tGetHandleVerifier [0x00007FF74CDE4C82+3505170]\n   \t(No symbol) [0x00007FF74CA10852]\n   \t(No symbol) [0x00007FF74C8C4145]\n   \t(No symbol) [0x00007FF74C909ADD]\n   \t(No symbol) [0x00007FF74C909C1C]\n   \t(No symbol) [0x00007FF74C94AB27]\n   \t(No symbol) [0x00007FF74C92BECF]\n   \t(No symbol) [0x00007FF74C9483B2]\n   \t(No symbol) [0x00007FF74C92BC33]\n   \t(No symbol) [0x00007FF74C8FD618]\n   \t(No symbol) [0x00007FF74C8FE6B1]\n   \tGetHandleVerifier [0x00007FF74CE167DD+3708781]\n   \tGetHandleVerifier [0x00007FF74CE6FC5D+4074477]\n   \tGetHandleVerifier [0x00007FF74CE67DDF+4042095]\n   \tGetHandleVerifier [0x00007FF74CB3A136+708806]\n   \t(No symbol) [0x00007FF74CA1CB0F]\n   \t(No symbol) [0x00007FF74CA17D14]\n   \t(No symbol) [0x00007FF74CA17E6C]\n   \t(No symbol) [0x00007FF74CA079A4]\n   \tBaseThreadInitThunk [0x00007FFDE96A257D+29]\n   \tRtlUserThreadStart [0x00007FFDEA36AA58+40]\n       assert False\n", "test_name": "test_Login[Am-admin123]", "rerun": "0"}, "2": {"status": "FAIL", "message": "   selenium.common.exceptions.NoSuchElementException: Message: no such element: Unable to locate element: {\"method\":\"xpath\",\"selector\":\"//img[@alt='client brand banner']\"}\n     (Session info: chrome=122.0.6261.129); For documentation on this error, please visit: https://www.selenium.dev/documentation/webdriver/troubleshooting/errors#no-such-element-exception\n   Stacktrace:\n   \tGetHandleVerifier [0x00007FF74CDE4C82+3505170]\n   \t(No symbol) [0x00007FF74CA10852]\n   \t(No symbol) [0x00007FF74C8C4145]\n   \t(No symbol) [0x00007FF74C909ADD]\n   \t(No symbol) [0x00007FF74C909C1C]\n   \t(No symbol) [0x00007FF74C94AB27]\n   \t(No symbol) [0x00007FF74C92BECF]\n   \t(No symbol) [0x00007FF74C9483B2]\n   \t(No symbol) [0x00007FF74C92BC33]\n   \t(No symbol) [0x00007FF74C8FD618]\n   \t(No symbol) [0x00007FF74C8FE6B1]\n   \tGetHandleVerifier [0x00007FF74CE167DD+3708781]\n   \tGetHandleVerifier [0x00007FF74CE6FC5D+4074477]\n   \tGetHandleVerifier [0x00007FF74CE67DDF+4042095]\n   \tGetHandleVerifier [0x00007FF74CB3A136+708806]\n   \t(No symbol) [0x00007FF74CA1CB0F]\n   \t(No symbol) [0x00007FF74CA17D14]\n   \t(No symbol) [0x00007FF74CA17E6C]\n   \t(No symbol) [0x00007FF74CA079A4]\n   \tBaseThreadInitThunk [0x00007FFDE96A257D+29]\n   \tRtlUserThreadStart [0x00007FFDEA36AA58+40]\n       assert False\n", "test_name": "test_Login[Admin-a23]", "rerun": "0"}, "3": {"status": "FAIL", "message": "   selenium.common.exceptions.NoSuchElementException: Message: no such element: Unable to locate element: {\"method\":\"xpath\",\"selector\":\"//img[@alt='client brand banner']\"}\n     (Session info: chrome=122.0.6261.129); For documentation on this error, please visit: https://www.selenium.dev/documentation/webdriver/troubleshooting/errors#no-such-element-exception\n   Stacktrace:\n   \tGetHandleVerifier [0x00007FF74CDE4C82+3505170]\n   \t(No symbol) [0x00007FF74CA10852]\n   \t(No symbol) [0x00007FF74C8C4145]\n   \t(No symbol) [0x00007FF74C909ADD]\n   \t(No symbol) [0x00007FF74C909C1C]\n   \t(No symbol) [0x00007FF74C94AB27]\n   \t(No symbol) [0x00007FF74C92BECF]\n   \t(No symbol) [0x00007FF74C9483B2]\n   \t(No symbol) [0x00007FF74C92BC33]\n   \t(No symbol) [0x00007FF74C8FD618]\n   \t(No symbol) [0x00007FF74C8FE6B1]\n   \tGetHandleVerifier [0x00007FF74CE167DD+3708781]\n   \tGetHandleVerifier [0x00007FF74CE6FC5D+4074477]\n   \tGetHandleVerifier [0x00007FF74CE67DDF+4042095]\n   \tGetHandleVerifier [0x00007FF74CB3A136+708806]\n   \t(No symbol) [0x00007FF74CA1CB0F]\n   \t(No symbol) [0x00007FF74CA17D14]\n   \t(No symbol) [0x00007FF74CA17E6C]\n   \t(No symbol) [0x00007FF74CA079A4]\n   \tBaseThreadInitThunk [0x00007FFDE96A257D+29]\n   \tRtlUserThreadStart [0x00007FFDEA36AA58+40]\n       assert False\n", "test_name": "test_Login[Adm-admi3]", "rerun": "0"}}, "suite_name": "Day_28/parameterization2.py"}}}, "date": "March 19, 2024", "start_time": 1710822589.6030104, "total_suite": 1, "status": "FAIL", "status_list": {"pass": "0", "fail": "4", "skip": "0", "error": "0", "xpass": "0", "xfail": "0", "rerun": "0"}, "total_tests": "4"}